<?xml version="1.0" encoding="UTF-8"?>
<robot generator="Robot 6.0.1 (Python 3.11.1 on win32)" generated="20230104 00:29:44.434" rpa="false" schemaversion="3">
<suite id="s1" name="Form" source="C:\development\robotframework\primeiro_teste\estrutura_robot\form.robot">
<test id="s1-t1" name="Cenario 1: Preencher formulário" line="31">
<kw name="abrir navegador e acessar o site">
<kw name="Open Browser" library="SeleniumLibrary">
<arg>https://itera-qa.azurewebsites.net/home/automation</arg>
<arg>chrome</arg>
<doc>Opens a new browser instance to the optional ``url``.</doc>
<msg timestamp="20230104 00:29:44.563" level="INFO">Opening browser 'chrome' to base url 'https://itera-qa.azurewebsites.net/home/automation'.</msg>
<status status="PASS" starttime="20230104 00:29:44.562" endtime="20230104 00:29:48.867"/>
</kw>
<status status="PASS" starttime="20230104 00:29:44.562" endtime="20230104 00:29:48.867"/>
</kw>
<kw name="preencher campos">
<kw name="Input Text" library="SeleniumLibrary">
<arg>${input_name}</arg>
<arg>Maurício Barbosa</arg>
<doc>Types the given ``text`` into the text field identified by ``locator``.</doc>
<msg timestamp="20230104 00:29:48.868" level="INFO">Typing text 'Maurício Barbosa' into text field 'id:name'.</msg>
<status status="PASS" starttime="20230104 00:29:48.867" endtime="20230104 00:29:48.941"/>
</kw>
<kw name="Input Text" library="SeleniumLibrary">
<arg>${input_phone}</arg>
<arg>11987654321</arg>
<doc>Types the given ``text`` into the text field identified by ``locator``.</doc>
<msg timestamp="20230104 00:29:48.941" level="INFO">Typing text '11987654321' into text field 'id:phone'.</msg>
<status status="PASS" starttime="20230104 00:29:48.941" endtime="20230104 00:29:48.996"/>
</kw>
<kw name="Input Text" library="SeleniumLibrary">
<arg>${input_email}</arg>
<arg>mauricio@email.com</arg>
<doc>Types the given ``text`` into the text field identified by ``locator``.</doc>
<msg timestamp="20230104 00:29:48.997" level="INFO">Typing text 'mauricio@email.com' into text field 'id:email'.</msg>
<status status="PASS" starttime="20230104 00:29:48.997" endtime="20230104 00:29:49.054"/>
</kw>
<kw name="Input Text" library="SeleniumLibrary">
<arg>${input_password}</arg>
<arg>123456</arg>
<doc>Types the given ``text`` into the text field identified by ``locator``.</doc>
<msg timestamp="20230104 00:29:49.054" level="INFO">Typing text '123456' into text field 'id:password'.</msg>
<status status="PASS" starttime="20230104 00:29:49.054" endtime="20230104 00:29:49.103"/>
</kw>
<kw name="Input Text" library="SeleniumLibrary">
<arg>${textarea_address}</arg>
<arg>Lorem ipsum dolor sit amet, consectetur adipiscing elit. Vivamus est turpis, cursus consequat fringilla a, gravida et tortor.</arg>
<doc>Types the given ``text`` into the text field identified by ``locator``.</doc>
<msg timestamp="20230104 00:29:49.103" level="INFO">Typing text 'Lorem ipsum dolor sit amet, consectetur adipiscing elit. Vivamus est turpis, cursus consequat fringilla a, gravida et tortor.' into text field 'id:address'.</msg>
<status status="PASS" starttime="20230104 00:29:49.103" endtime="20230104 00:29:49.192"/>
</kw>
<status status="PASS" starttime="20230104 00:29:48.867" endtime="20230104 00:29:49.192"/>
</kw>
<kw name="clicar em submit">
<kw name="Click Element" library="SeleniumLibrary">
<arg>${button_submit}</arg>
<doc>Click the element identified by ``locator``.</doc>
<msg timestamp="20230104 00:29:49.193" level="INFO">Clicking element 'name:submit'.</msg>
<status status="PASS" starttime="20230104 00:29:49.193" endtime="20230104 00:29:49.222"/>
</kw>
<status status="PASS" starttime="20230104 00:29:49.193" endtime="20230104 00:29:49.222"/>
</kw>
<kw name="fechar navegador">
<kw name="Close Browser" library="SeleniumLibrary">
<doc>Closes the current browser.</doc>
<status status="PASS" starttime="20230104 00:29:49.223" endtime="20230104 00:29:51.390"/>
</kw>
<status status="PASS" starttime="20230104 00:29:49.223" endtime="20230104 00:29:51.390"/>
</kw>
<status status="PASS" starttime="20230104 00:29:44.562" endtime="20230104 00:29:51.392"/>
</test>
<status status="PASS" starttime="20230104 00:29:44.437" endtime="20230104 00:29:51.396"/>
</suite>
<statistics>
<total>
<stat pass="1" fail="0" skip="0">All Tests</stat>
</total>
<tag>
</tag>
<suite>
<stat pass="1" fail="0" skip="0" id="s1" name="Form">Form</stat>
</suite>
</statistics>
<errors>
</errors>
</robot>
