<?xml version="1.0" encoding="UTF-8"?>
<robot generator="Robot 6.0.1 (Python 3.11.1 on win32)" generated="20230104 02:30:15.446" rpa="false" schemaversion="3">
<suite id="s1" name="Bdd" source="C:\development\robotframework\primeiro_teste\estrutura_robot\bdd.robot">
<test id="s1-t1" name="Cenario 1: Executar primeira musica do iron maiden pesquisada" line="41">
<kw name="Dado que eu acesso o site do youtube">
<kw name="Open Browser" library="SeleniumLibrary">
<arg>${URL}</arg>
<arg>${Browser}</arg>
<doc>Opens a new browser instance to the optional ``url``.</doc>
<msg timestamp="20230104 02:30:15.574" level="INFO">Opening browser 'chrome' to base url 'https://www.youtube.com/'.</msg>
<status status="PASS" starttime="20230104 02:30:15.574" endtime="20230104 02:30:18.574"/>
</kw>
<status status="PASS" starttime="20230104 02:30:15.574" endtime="20230104 02:30:18.574"/>
</kw>
<kw name="Quando digito o nome da música">
<kw name="Input Text" library="SeleniumLibrary">
<arg>${Input_Pesquisa}</arg>
<arg>${NomeDaMusica}</arg>
<doc>Types the given ``text`` into the text field identified by ``locator``.</doc>
<msg timestamp="20230104 02:30:18.576" level="INFO">Typing text 'Iron Maiden Hallowed be thy name' into text field '//input[@id="search"]'.</msg>
<status status="PASS" starttime="20230104 02:30:18.575" endtime="20230104 02:30:18.910"/>
</kw>
<status status="PASS" starttime="20230104 02:30:18.575" endtime="20230104 02:30:18.911"/>
</kw>
<kw name="E clico no botão buscar">
<kw name="Click Element" library="SeleniumLibrary">
<arg>${Button_Pesquisa}</arg>
<doc>Click the element identified by ``locator``.</doc>
<msg timestamp="20230104 02:30:18.912" level="INFO">Clicking element '//button[@id="search-icon-legacy"]'.</msg>
<status status="PASS" starttime="20230104 02:30:18.912" endtime="20230104 02:30:19.139"/>
</kw>
<status status="PASS" starttime="20230104 02:30:18.911" endtime="20230104 02:30:19.139"/>
</kw>
<kw name="E clico na primeira opção da lista">
<kw name="Wait Until Element Is Visible" library="SeleniumLibrary">
<arg>${PrimeiroVIdeo}</arg>
<arg>10s</arg>
<doc>Waits until the element ``locator`` is visible.</doc>
<status status="PASS" starttime="20230104 02:30:19.140" endtime="20230104 02:30:20.069"/>
</kw>
<kw name="Click Element" library="SeleniumLibrary">
<arg>${PrimeiroVIdeo}</arg>
<doc>Click the element identified by ``locator``.</doc>
<msg timestamp="20230104 02:30:20.070" level="INFO">Clicking element '(//yt-formatted-string[@class="style-scope ytd-video-renderer"])[1]'.</msg>
<status status="PASS" starttime="20230104 02:30:20.069" endtime="20230104 02:30:20.170"/>
</kw>
<status status="PASS" starttime="20230104 02:30:19.140" endtime="20230104 02:30:20.170"/>
</kw>
<kw name="Então o video é executado">
<kw name="Wait Until Element Is Visible" library="SeleniumLibrary">
<arg>${Prova}</arg>
<arg>10s</arg>
<doc>Waits until the element ``locator`` is visible.</doc>
<status status="PASS" starttime="20230104 02:30:20.171" endtime="20230104 02:30:21.027"/>
</kw>
<kw name="Element Should Be Visible" library="SeleniumLibrary">
<arg>${Prova}</arg>
<doc>Verifies that the element identified by ``locator`` is visible.</doc>
<msg timestamp="20230104 02:30:21.061" level="INFO">Element '(//div[@id="segmented-like-button"])[1]' is displayed.</msg>
<status status="PASS" starttime="20230104 02:30:21.028" endtime="20230104 02:30:21.061"/>
</kw>
<kw name="Sleep" library="BuiltIn">
<arg>5s</arg>
<doc>Pauses the test executed for the given time.</doc>
<msg timestamp="20230104 02:30:26.063" level="INFO">Slept 5 seconds</msg>
<status status="PASS" starttime="20230104 02:30:21.061" endtime="20230104 02:30:26.063"/>
</kw>
<kw name="Close Browser" library="SeleniumLibrary">
<doc>Closes the current browser.</doc>
<status status="PASS" starttime="20230104 02:30:26.063" endtime="20230104 02:30:29.086"/>
</kw>
<status status="PASS" starttime="20230104 02:30:20.170" endtime="20230104 02:30:29.087"/>
</kw>
<status status="PASS" starttime="20230104 02:30:15.573" endtime="20230104 02:30:29.088"/>
</test>
<status status="PASS" starttime="20230104 02:30:15.451" endtime="20230104 02:30:29.091"/>
</suite>
<statistics>
<total>
<stat pass="1" fail="0" skip="0">All Tests</stat>
</total>
<tag>
</tag>
<suite>
<stat pass="1" fail="0" skip="0" id="s1" name="Bdd">Bdd</stat>
</suite>
</statistics>
<errors>
</errors>
</robot>
